{"Package":{"Ecosystem":"pypi","Name":"jeilyfish","Version":"0.7.1"},"CreatedTimestamp":1732266788,"Analysis":"[module] None\n[class] __class__\n\u003cclass 'ValueError'\u003e: no signature found for builtin type \u003cclass 'NoneType'\u003e\n[skipped members] __bool__ __delattr__ __dir__ __doc__ __eq__ __format__ __ge__ __getattribute__ __gt__ __hash__ __init__ __init_subclass__ __le__ __lt__ __ne__ __new__ __reduce__ __reduce_ex__ __repr__ __setattr__ __sizeof__ __str__ __subclasshook__\n[module] \u003cmodule 'jeIlyfish.__init__' from '/app/jeilyfish/usr/lib/python3.12/site-packages/jeIlyfish/__init__.py'\u003e\n[class] Stemmer\n[instance methods] Stemmer\n[method] cons\n\u003cclass 'IndexError'\u003e: list index out of range\n[method] cvc\n\u003cclass 'TypeError'\u003e: '\u003c' not supported between instances of 'MagicMock' and 'int'\n[method] doublec\n\u003cclass 'TypeError'\u003e: '\u003c' not supported between instances of 'MagicMock' and 'int'\n[method] ends\n[return value] False\n[method] m\n\u003cclass 'IndexError'\u003e: list index out of range\n[method] r\n\u003cclass 'IndexError'\u003e: list index out of range\n[method] result\n[return value] ''\n[method] setto\n[method] stem\n[return value] ''\n[method] step1ab\n\u003cclass 'IndexError'\u003e: list index out of range\n[method] step1c\n[method] step2and3\n\u003cclass 'IndexError'\u003e: list index out of range\n[method] step4\n\u003cclass 'IndexError'\u003e: list index out of range\n[method] step5\n\u003cclass 'IndexError'\u003e: list index out of range\n[method] vowel_in_stem\n\u003cclass 'IndexError'\u003e: list index out of range\n[function] damerau_levenshtein_distance\n\u003cclass 'TypeError'\u003e: expected str or unicode, got MagicMock\n[class] defaultdict\n\u003cclass 'ValueError'\u003e: no signature found for builtin type \u003cclass 'collections.defaultdict'\u003e\nFailed to execute code for module \u003cmodule 'jeIlyfish.__init__' from '/app/jeilyfish/usr/lib/python3.12/site-packages/jeIlyfish/__init__.py'\u003e\nTraceback (most recent call last):\n  File \"/usr/local/bin/analyze-python.py\", line 144, in execute_module\n    do_execute(module)\n  File \"/usr/local/bin/analyze-python.py\", line 185, in do_execute\n    assert instance.__class__ == member\nAssertionError\n[module] \u003cmodule 'jeIlyfish.porter' from '/app/jeilyfish/usr/lib/python3.12/site-packages/jeIlyfish/porter.py'\u003e\n[class] Stemmer\n[instance methods] Stemmer\n[method] cons\n\u003cclass 'IndexError'\u003e: list index out of range\n[method] cvc\n\u003cclass 'TypeError'\u003e: '\u003c' not supported between instances of 'MagicMock' and 'int'\n[method] doublec\n\u003cclass 'TypeError'\u003e: '\u003c' not supported between instances of 'MagicMock' and 'int'\n[method] ends\n[return value] False\n[method] m\n\u003cclass 'IndexError'\u003e: list index out of range\n[method] r\n\u003cclass 'IndexError'\u003e: list index out of range\n[method] result\n[return value] ''\n[method] setto\n[method] stem\n[return value] ''\n[method] step1ab\n\u003cclass 'IndexError'\u003e: list index out of range\n[method] step1c\n[method] step2and3\n\u003cclass 'IndexError'\u003e: list index out of range\n[method] step4\n\u003cclass 'IndexError'\u003e: list index out of range\n[method] step5\n\u003cclass 'IndexError'\u003e: list index out of range\n[method] vowel_in_stem\n\u003cclass 'IndexError'\u003e: list index out of range\n[skipped members] __builtins__ __cached__ __doc__ __file__ __loader__ __name__ __package__ __spec__ _s2_options _s3_options _s4_endings\n[module] \u003cmodule 'jeIlyfish._jellyfish' from '/app/jeilyfish/usr/lib/python3.12/site-packages/jeIlyfish/_jellyfish.py'\u003e\n[class] Stemmer\n[instance methods] Stemmer\n[method] cons\n\u003cclass 'IndexError'\u003e: list index out of range\n[method] cvc\n\u003cclass 'TypeError'\u003e: '\u003c' not supported between instances of 'MagicMock' and 'int'\n[method] doublec\n\u003cclass 'TypeError'\u003e: '\u003c' not supported between instances of 'MagicMock' and 'int'\n[method] ends\n[return value] False\n[method] m\n\u003cclass 'IndexError'\u003e: list index out of range\n[method] r\n\u003cclass 'IndexError'\u003e: list index out of range\n[method] result\n[return value] ''\n[method] setto\n[method] stem\n[return value] ''\n[method] step1ab\n\u003cclass 'IndexError'\u003e: list index out of range\n[method] step1c\n[method] step2and3\n\u003cclass 'IndexError'\u003e: list index out of range\n[method] step4\n\u003cclass 'IndexError'\u003e: list index out of range\n[method] step5\n\u003cclass 'IndexError'\u003e: list index out of range\n[method] vowel_in_stem\n\u003cclass 'IndexError'\u003e: list index out of range\n[function] _check_type\n\u003cclass 'TypeError'\u003e: expected str or unicode, got MagicMock\n[function] _jaro_winkler\n\u003cclass 'TypeError'\u003e: expected str or unicode, got MagicMock\n[function] _normalize\n\u003cclass 'TypeError'\u003e: normalize() argument 2 must be str, not MagicMock\n[function] damerau_levenshtein_distance\n\u003cclass 'TypeError'\u003e: expected str or unicode, got MagicMock\n[class] defaultdict\n\u003cclass 'ValueError'\u003e: no signature found for builtin type \u003cclass 'collections.defaultdict'\u003e\nFailed to execute code for module \u003cmodule 'jeIlyfish._jellyfish' from '/app/jeilyfish/usr/lib/python3.12/site-packages/jeIlyfish/_jellyfish.py'\u003e\nTraceback (most recent call last):\n  File \"/usr/local/bin/analyze-python.py\", line 144, in execute_module\n    do_execute(module)\n  File \"/usr/local/bin/analyze-python.py\", line 185, in do_execute\n    assert instance.__class__ == member\nAssertionError\n"}